# JRE version: OpenJDK Runtime Environment (17.0.12+7) (build 17.0.12+7-Ubuntu-1ubuntu222.04)
# Java VM: OpenJDK 64-Bit Server VM (17.0.12+7-Ubuntu-1ubuntu222.04, mixed mode, emulated-client, sharing, tiered, compressed oops, compressed class ptrs, g1 gc, linux-amd64)
GC Precious Log:
 CPUs: 4 total, 4 available
 Memory: 3803M
 Large Page Support: Disabled
 NUMA Support: Disabled
 Compressed Oops: Enabled (32-bit)
 Heap Region Size: 1M
 Heap Min Capacity: 8M
 Heap Initial Capacity: 60M
 Heap Max Capacity: 952M
 Pre-touch: Disabled
 Parallel Workers: 4
 Concurrent Workers: 1
 Concurrent Refinement Workers: 4
 Periodic GC: Disabled
Heap:
 garbage-first heap   total 58368K, used 37546K [0x00000000c4800000, 0x0000000100000000)
  region size 1024K, 25 young (25600K), 3 survivors (3072K)
 Metaspace       used 35264K, committed 35776K, reserved 1114112K
  class space    used 5055K, committed 5312K, reserved 1048576K
GC Heap History (16 events):
Event: 2,645 GC heap before
{Heap before GC invocations=0 (full 0):
 garbage-first heap   total 63488K, used 14256K [0x00000000c4800000, 0x0000000100000000)
  region size 1024K, 13 young (13312K), 0 survivors (0K)
 Metaspace       used 6267K, committed 6528K, reserved 1114112K
  class space    used 792K, committed 896K, reserved 1048576K
}
Event: 2,656 GC heap after
{Heap after GC invocations=1 (full 0):
 garbage-first heap   total 63488K, used 5280K [0x00000000c4800000, 0x0000000100000000)
  region size 1024K, 2 young (2048K), 2 survivors (2048K)
 Metaspace       used 6267K, committed 6528K, reserved 1114112K
  class space    used 792K, committed 896K, reserved 1048576K
}
Event: 3,044 GC heap before
{Heap before GC invocations=1 (full 0):
 garbage-first heap   total 63488K, used 16544K [0x00000000c4800000, 0x0000000100000000)
  region size 1024K, 13 young (13312K), 2 survivors (2048K)
 Metaspace       used 8966K, committed 9216K, reserved 1114112K
  class space    used 1189K, committed 1344K, reserved 1048576K
}
Event: 3,050 GC heap after
{Heap after GC invocations=2 (full 0):
 garbage-first heap   total 63488K, used 6636K [0x00000000c4800000, 0x0000000100000000)
  region size 1024K, 2 young (2048K), 2 survivors (2048K)
 Metaspace       used 8966K, committed 9216K, reserved 1114112K
  class space    used 1189K, committed 1344K, reserved 1048576K
}
Event: 4,120 GC heap before
{Heap before GC invocations=2 (full 0):
 garbage-first heap   total 63488K, used 29164K [0x00000000c4800000, 0x0000000100000000)
  region size 1024K, 24 young (24576K), 2 survivors (2048K)
 Metaspace       used 13452K, committed 13696K, reserved 1114112K
  class space    used 1813K, committed 1920K, reserved 1048576K
}
Event: 4,125 GC heap after
{Heap after GC invocations=3 (full 0):
 garbage-first heap   total 63488K, used 8206K [0x00000000c4800000, 0x0000000100000000)
  region size 1024K, 3 young (3072K), 3 survivors (3072K)
 Metaspace       used 13452K, committed 13696K, reserved 1114112K
  class space    used 1813K, committed 1920K, reserved 1048576K
}
Event: 4,642 GC heap before
{Heap before GC invocations=3 (full 0):
 garbage-first heap   total 63488K, used 37902K [0x00000000c4800000, 0x0000000100000000)
  region size 1024K, 33 young (33792K), 3 survivors (3072K)
 Metaspace       used 19067K, committed 19392K, reserved 1114112K
  class space    used 2592K, committed 2752K, reserved 1048576K
}
Event: 4,652 GC heap after
{Heap after GC invocations=4 (full 0):
 garbage-first heap   total 63488K, used 10649K [0x00000000c4800000, 0x0000000100000000)
  region size 1024K, 5 young (5120K), 5 survivors (5120K)
 Metaspace       used 19067K, committed 19392K, reserved 1114112K
  class space    used 2592K, committed 2752K, reserved 1048576K
}
Event: 9,262 GC heap before
{Heap before GC invocations=4 (full 0):
 garbage-first heap   total 63488K, used 29081K [0x00000000c4800000, 0x0000000100000000)
  region size 1024K, 24 young (24576K), 5 survivors (5120K)
 Metaspace       used 21185K, committed 21504K, reserved 1114112K
  class space    used 2888K, committed 3072K, reserved 1048576K
}
Event: 9,281 GC heap after
{Heap after GC invocations=5 (full 0):
 garbage-first heap   total 63488K, used 12009K [0x00000000c4800000, 0x0000000100000000)
  region size 1024K, 2 young (2048K), 2 survivors (2048K)
 Metaspace       used 21185K, committed 21504K, reserved 1114112K
  class space    used 2888K, committed 3072K, reserved 1048576K
}
Event: 10,367 GC heap before
{Heap before GC invocations=6 (full 0):
 garbage-first heap   total 48128K, used 38633K [0x00000000c4800000, 0x0000000100000000)
  region size 1024K, 29 young (29696K), 2 survivors (2048K)
 Metaspace       used 25825K, committed 26240K, reserved 1114112K
  class space    used 3593K, committed 3776K, reserved 1048576K
}
Event: 10,380 GC heap after
{Heap after GC invocations=7 (full 0):
 garbage-first heap   total 48128K, used 14214K [0x00000000c4800000, 0x0000000100000000)
  region size 1024K, 4 young (4096K), 4 survivors (4096K)
 Metaspace       used 25825K, committed 26240K, reserved 1114112K
  class space    used 3593K, committed 3776K, reserved 1048576K
}
Event: 11,128 GC heap before
{Heap before GC invocations=7 (full 0):
 garbage-first heap   total 48128K, used 33670K [0x00000000c4800000, 0x0000000100000000)
  region size 1024K, 23 young (23552K), 4 survivors (4096K)
 Metaspace       used 29538K, committed 29952K, reserved 1114112K
  class space    used 4144K, committed 4352K, reserved 1048576K
}
Event: 11,137 GC heap after
{Heap after GC invocations=8 (full 0):
 garbage-first heap   total 48128K, used 15213K [0x00000000c4800000, 0x0000000100000000)
  region size 1024K, 2 young (2048K), 2 survivors (2048K)
 Metaspace       used 29538K, committed 29952K, reserved 1114112K
  class space    used 4144K, committed 4352K, reserved 1048576K
}
Event: 11,839 GC heap before
{Heap before GC invocations=8 (full 0):
 garbage-first heap   total 48128K, used 33645K [0x00000000c4800000, 0x0000000100000000)
  region size 1024K, 20 young (20480K), 2 survivors (2048K)
 Metaspace       used 32604K, committed 33152K, reserved 1114112K
  class space    used 4662K, committed 4928K, reserved 1048576K
}
Event: 11,849 GC heap after
{Heap after GC invocations=9 (full 0):
 garbage-first heap   total 58368K, used 17066K [0x00000000c4800000, 0x0000000100000000)
  region size 1024K, 3 young (3072K), 3 survivors (3072K)
 Metaspace       used 32604K, committed 33152K, reserved 1114112K
  class space    used 4662K, committed 4928K, reserved 1048576K
}

